{"E:\\wefit\\teste-backend\\teste-backend\\test-backend-wefit\\teste-backend\\src\\app.ts": {"path":"E:\\wefit\\teste-backend\\teste-backend\\test-backend-wefit\\teste-backend\\src\\app.ts","statementMap":{"0":{"start":{"line":1,"column":0},"end":{"line":1,"column":30}},"1":{"start":{"line":2,"column":0},"end":{"line":2,"column":54}},"2":{"start":{"line":3,"column":0},"end":{"line":3,"column":54}},"3":{"start":{"line":4,"column":0},"end":{"line":4,"column":60}},"4":{"start":{"line":6,"column":12},"end":{"line":6,"column":21}},"5":{"start":{"line":9,"column":0},"end":{"line":9,"column":24}},"6":{"start":{"line":12,"column":0},"end":{"line":12,"column":25}},"7":{"start":{"line":15,"column":0},"end":{"line":15,"column":24}},"8":{"start":{"line":18,"column":0},"end":{"line":18,"column":22}},"9":{"start":{"line":20,"column":13},"end":{"line":20,"column":37}},"10":{"start":{"line":22,"column":0},"end":{"line":24,"column":3}},"11":{"start":{"line":23,"column":2},"end":{"line":23,"column":51}},"12":{"start":{"line":27,"column":0},"end":{"line":27,"column":19}}},"fnMap":{"0":{"name":"(anonymous_1)","decl":{"start":{"line":22,"column":17},"end":{"line":22,"column":null}},"loc":{"start":{"line":22,"column":17},"end":{"line":24,"column":1}}}},"branchMap":{"0":{"loc":{"start":{"line":20,"column":13},"end":{"line":20,"column":37}},"type":"binary-expr","locations":[{"start":{"line":20,"column":13},"end":{"line":20,"column":29}},{"start":{"line":20,"column":33},"end":{"line":20,"column":37}}]}},"s":{"0":0,"1":0,"2":0,"3":0,"4":0,"5":0,"6":0,"7":0,"8":0,"9":0,"10":0,"11":0,"12":0},"f":{"0":0},"b":{"0":[0,0]}}
,"E:\\wefit\\teste-backend\\teste-backend\\test-backend-wefit\\teste-backend\\src\\server.ts": {"path":"E:\\wefit\\teste-backend\\teste-backend\\test-backend-wefit\\teste-backend\\src\\server.ts","statementMap":{"0":{"start":{"line":1,"column":0},"end":{"line":1,"column":24}},"1":{"start":{"line":2,"column":0},"end":{"line":2,"column":28}},"2":{"start":{"line":4,"column":0},"end":{"line":4,"column":16}},"3":{"start":{"line":6,"column":13},"end":{"line":6,"column":37}},"4":{"start":{"line":8,"column":0},"end":{"line":8,"column":60}},"5":{"start":{"line":10,"column":0},"end":{"line":14,"column":3}},"6":{"start":{"line":11,"column":2},"end":{"line":11,"column":51}},"7":{"start":{"line":12,"column":2},"end":{"line":12,"column":72}},"8":{"start":{"line":13,"column":2},"end":{"line":13,"column":59}}},"fnMap":{"0":{"name":"(anonymous_1)","decl":{"start":{"line":10,"column":17},"end":{"line":10,"column":null}},"loc":{"start":{"line":10,"column":17},"end":{"line":14,"column":1}}}},"branchMap":{"0":{"loc":{"start":{"line":6,"column":13},"end":{"line":6,"column":37}},"type":"binary-expr","locations":[{"start":{"line":6,"column":13},"end":{"line":6,"column":29}},{"start":{"line":6,"column":33},"end":{"line":6,"column":37}}]},"1":{"loc":{"start":{"line":12,"column":27},"end":{"line":12,"column":68}},"type":"binary-expr","locations":[{"start":{"line":12,"column":27},"end":{"line":12,"column":47}},{"start":{"line":12,"column":51},"end":{"line":12,"column":68}}]}},"s":{"0":0,"1":0,"2":0,"3":0,"4":0,"5":0,"6":0,"7":0,"8":0},"f":{"0":0},"b":{"0":[0,0],"1":[0,0]}}
,"E:\\wefit\\teste-backend\\teste-backend\\test-backend-wefit\\teste-backend\\src\\config\\database.ts": {"path":"E:\\wefit\\teste-backend\\teste-backend\\test-backend-wefit\\teste-backend\\src\\config\\database.ts","statementMap":{"0":{"start":{"line":1,"column":0},"end":{"line":1,"column":46}},"1":{"start":{"line":2,"column":0},"end":{"line":2,"column":28}},"2":{"start":{"line":5,"column":0},"end":{"line":5,"column":16}},"3":{"start":{"line":8,"column":0},"end":{"line":8,"column":18}},"4":{"start":{"line":11,"column":15},"end":{"line":11,"column":33}},"5":{"start":{"line":13,"column":0},"end":{"line":13,"column":22}},"6":{"start":{"line":15,"column":4},"end":{"line":17,"column":null}},"7":{"start":{"line":16,"column":8},"end":{"line":16,"column":85}}},"fnMap":{"0":{"name":"verificFunction","decl":{"start":{"line":14,"column":9},"end":{"line":14,"column":24}},"loc":{"start":{"line":14,"column":24},"end":{"line":18,"column":1}}}},"branchMap":{"0":{"loc":{"start":{"line":15,"column":4},"end":{"line":17,"column":null}},"type":"if","locations":[{"start":{"line":15,"column":4},"end":{"line":17,"column":null}}]}},"s":{"0":0,"1":0,"2":0,"3":0,"4":0,"5":0,"6":0,"7":0},"f":{"0":0},"b":{"0":[0]}}
,"E:\\wefit\\teste-backend\\teste-backend\\test-backend-wefit\\teste-backend\\src\\config\\env.ts": {"path":"E:\\wefit\\teste-backend\\teste-backend\\test-backend-wefit\\teste-backend\\src\\config\\env.ts","statementMap":{"0":{"start":{"line":1,"column":0},"end":{"line":1,"column":28}},"1":{"start":{"line":4,"column":0},"end":{"line":4,"column":16}}},"fnMap":{},"branchMap":{},"s":{"0":0,"1":0},"f":{},"b":{}}
,"E:\\wefit\\teste-backend\\teste-backend\\test-backend-wefit\\teste-backend\\src\\controllers\\cadastro.controller.ts": {"path":"E:\\wefit\\teste-backend\\teste-backend\\test-backend-wefit\\teste-backend\\src\\controllers\\cadastro.controller.ts","statementMap":{"0":{"start":{"line":2,"column":0},"end":{"line":2,"column":null}},"1":{"start":{"line":21,"column":30},"end":{"line":53,"column":2}},"2":{"start":{"line":21,"column":64},"end":{"line":53,"column":2}},"3":{"start":{"line":23,"column":10},"end":{"line":23,"column":116}},"4":{"start":{"line":25,"column":4},"end":{"line":27,"column":null}},"5":{"start":{"line":26,"column":6},"end":{"line":26,"column":117}},"6":{"start":{"line":29,"column":4},"end":{"line":31,"column":null}},"7":{"start":{"line":30,"column":6},"end":{"line":30,"column":86}},"8":{"start":{"line":33,"column":22},"end":{"line":33,"column":143}},"9":{"start":{"line":33,"column":10},"end":{"line":33,"column":null}},"10":{"start":{"line":35,"column":8},"end":{"line":35,"column":17}},"11":{"start":{"line":36,"column":37},"end":{"line":36,"column":null}},"12":{"start":{"line":36,"column":28},"end":{"line":36,"column":null}},"13":{"start":{"line":36,"column":17},"end":{"line":36,"column":28}},"14":{"start":{"line":37,"column":8},"end":{"line":37,"column":58}},"15":{"start":{"line":41,"column":8},"end":{"line":41,"column":12}},"16":{"start":{"line":42,"column":6},"end":{"line":42,"column":59}},"17":{"start":{"line":43,"column":15},"end":{"line":43,"column":19}},"18":{"start":{"line":44,"column":6},"end":{"line":44,"column":73}},"19":{"start":{"line":46,"column":6},"end":{"line":46,"column":86}},"20":{"start":{"line":49,"column":4},"end":{"line":49,"column":43}},"21":{"start":{"line":51,"column":4},"end":{"line":51,"column":101}},"22":{"start":{"line":21,"column":13},"end":{"line":21,"column":30}},"23":{"start":{"line":55,"column":31},"end":{"line":62,"column":2}},"24":{"start":{"line":55,"column":65},"end":{"line":62,"column":2}},"25":{"start":{"line":57,"column":22},"end":{"line":57,"column":null}},"26":{"start":{"line":57,"column":10},"end":{"line":57,"column":null}},"27":{"start":{"line":58,"column":4},"end":{"line":58,"column":43}},"28":{"start":{"line":60,"column":4},"end":{"line":60,"column":77}},"29":{"start":{"line":55,"column":13},"end":{"line":55,"column":31}},"30":{"start":{"line":64,"column":29},"end":{"line":71,"column":2}},"31":{"start":{"line":64,"column":63},"end":{"line":71,"column":2}},"32":{"start":{"line":66,"column":20},"end":{"line":66,"column":null}},"33":{"start":{"line":66,"column":10},"end":{"line":66,"column":null}},"34":{"start":{"line":67,"column":4},"end":{"line":67,"column":41}},"35":{"start":{"line":69,"column":4},"end":{"line":69,"column":77}},"36":{"start":{"line":64,"column":13},"end":{"line":64,"column":29}},"37":{"start":{"line":73,"column":34},"end":{"line":80,"column":2}},"38":{"start":{"line":73,"column":68},"end":{"line":80,"column":2}},"39":{"start":{"line":75,"column":20},"end":{"line":75,"column":null}},"40":{"start":{"line":75,"column":10},"end":{"line":75,"column":null}},"41":{"start":{"line":76,"column":4},"end":{"line":76,"column":41}},"42":{"start":{"line":78,"column":4},"end":{"line":78,"column":77}},"43":{"start":{"line":73,"column":13},"end":{"line":73,"column":34}},"44":{"start":{"line":82,"column":37},"end":{"line":93,"column":2}},"45":{"start":{"line":82,"column":71},"end":{"line":93,"column":2}},"46":{"start":{"line":84,"column":12},"end":{"line":84,"column":19}},"47":{"start":{"line":85,"column":19},"end":{"line":85,"column":null}},"48":{"start":{"line":85,"column":10},"end":{"line":85,"column":null}},"49":{"start":{"line":86,"column":4},"end":{"line":88,"column":null}},"50":{"start":{"line":87,"column":6},"end":{"line":87,"column":76}},"51":{"start":{"line":89,"column":4},"end":{"line":89,"column":33}},"52":{"start":{"line":91,"column":4},"end":{"line":91,"column":61}},"53":{"start":{"line":82,"column":13},"end":{"line":82,"column":37}},"54":{"start":{"line":95,"column":29},"end":{"line":106,"column":2}},"55":{"start":{"line":95,"column":63},"end":{"line":106,"column":2}},"56":{"start":{"line":97,"column":12},"end":{"line":97,"column":19}},"57":{"start":{"line":98,"column":19},"end":{"line":98,"column":null}},"58":{"start":{"line":98,"column":10},"end":{"line":98,"column":null}},"59":{"start":{"line":99,"column":4},"end":{"line":101,"column":null}},"60":{"start":{"line":100,"column":6},"end":{"line":100,"column":67}},"61":{"start":{"line":102,"column":4},"end":{"line":102,"column":33}},"62":{"start":{"line":104,"column":4},"end":{"line":104,"column":61}},"63":{"start":{"line":95,"column":13},"end":{"line":95,"column":29}},"64":{"start":{"line":108,"column":30},"end":{"line":119,"column":2}},"65":{"start":{"line":108,"column":64},"end":{"line":119,"column":2}},"66":{"start":{"line":110,"column":12},"end":{"line":110,"column":19}},"67":{"start":{"line":111,"column":20},"end":{"line":111,"column":null}},"68":{"start":{"line":111,"column":10},"end":{"line":111,"column":null}},"69":{"start":{"line":112,"column":4},"end":{"line":114,"column":null}},"70":{"start":{"line":113,"column":6},"end":{"line":113,"column":68}},"71":{"start":{"line":115,"column":4},"end":{"line":115,"column":34}},"72":{"start":{"line":117,"column":4},"end":{"line":117,"column":61}},"73":{"start":{"line":108,"column":13},"end":{"line":108,"column":30}},"74":{"start":{"line":121,"column":30},"end":{"line":151,"column":2}},"75":{"start":{"line":121,"column":64},"end":{"line":151,"column":2}},"76":{"start":{"line":123,"column":12},"end":{"line":123,"column":19}},"77":{"start":{"line":124,"column":10},"end":{"line":124,"column":97}},"78":{"start":{"line":126,"column":4},"end":{"line":128,"column":null}},"79":{"start":{"line":127,"column":6},"end":{"line":127,"column":103}},"80":{"start":{"line":130,"column":26},"end":{"line":130,"column":null}},"81":{"start":{"line":130,"column":10},"end":{"line":130,"column":null}},"82":{"start":{"line":132,"column":8},"end":{"line":132,"column":17}},"83":{"start":{"line":133,"column":37},"end":{"line":133,"column":null}},"84":{"start":{"line":133,"column":28},"end":{"line":133,"column":null}},"85":{"start":{"line":133,"column":17},"end":{"line":133,"column":28}},"86":{"start":{"line":134,"column":8},"end":{"line":134,"column":62}},"87":{"start":{"line":138,"column":8},"end":{"line":138,"column":12}},"88":{"start":{"line":139,"column":6},"end":{"line":139,"column":58}},"89":{"start":{"line":140,"column":15},"end":{"line":140,"column":19}},"90":{"start":{"line":141,"column":6},"end":{"line":141,"column":77}},"91":{"start":{"line":143,"column":6},"end":{"line":143,"column":86}},"92":{"start":{"line":146,"column":4},"end":{"line":146,"column":47}},"93":{"start":{"line":148,"column":4},"end":{"line":148,"column":53}},"94":{"start":{"line":149,"column":4},"end":{"line":149,"column":77}},"95":{"start":{"line":121,"column":13},"end":{"line":121,"column":30}},"96":{"start":{"line":153,"column":32},"end":{"line":166,"column":2}},"97":{"start":{"line":153,"column":66},"end":{"line":166,"column":2}},"98":{"start":{"line":155,"column":12},"end":{"line":155,"column":19}},"99":{"start":{"line":156,"column":19},"end":{"line":156,"column":null}},"100":{"start":{"line":156,"column":10},"end":{"line":156,"column":null}},"101":{"start":{"line":158,"column":4},"end":{"line":160,"column":null}},"102":{"start":{"line":159,"column":6},"end":{"line":159,"column":91}},"103":{"start":{"line":162,"column":4},"end":{"line":162,"column":81}},"104":{"start":{"line":164,"column":4},"end":{"line":164,"column":77}},"105":{"start":{"line":153,"column":13},"end":{"line":153,"column":32}},"106":{"start":{"line":168,"column":32},"end":{"line":181,"column":2}},"107":{"start":{"line":168,"column":66},"end":{"line":181,"column":2}},"108":{"start":{"line":170,"column":12},"end":{"line":170,"column":19}},"109":{"start":{"line":171,"column":19},"end":{"line":171,"column":null}},"110":{"start":{"line":171,"column":10},"end":{"line":171,"column":null}},"111":{"start":{"line":173,"column":4},"end":{"line":175,"column":null}},"112":{"start":{"line":174,"column":6},"end":{"line":174,"column":86}},"113":{"start":{"line":177,"column":4},"end":{"line":177,"column":81}},"114":{"start":{"line":179,"column":4},"end":{"line":179,"column":77}},"115":{"start":{"line":168,"column":13},"end":{"line":168,"column":32}},"116":{"start":{"line":183,"column":32},"end":{"line":191,"column":2}},"117":{"start":{"line":183,"column":66},"end":{"line":191,"column":2}},"118":{"start":{"line":185,"column":12},"end":{"line":185,"column":19}},"119":{"start":{"line":186,"column":4},"end":{"line":186,"column":46}},"120":{"start":{"line":187,"column":4},"end":{"line":187,"column":97}},"121":{"start":{"line":189,"column":4},"end":{"line":189,"column":77}},"122":{"start":{"line":183,"column":13},"end":{"line":183,"column":32}}},"fnMap":{"0":{"name":"(anonymous_13)","decl":{"start":{"line":21,"column":30},"end":{"line":21,"column":37}},"loc":{"start":{"line":21,"column":64},"end":{"line":53,"column":2}}},"1":{"name":"(anonymous_14)","decl":{"start":{"line":21,"column":64},"end":{"line":21,"column":null}},"loc":{"start":{"line":21,"column":64},"end":{"line":53,"column":2}}},"2":{"name":"(anonymous_16)","decl":{"start":{"line":55,"column":31},"end":{"line":55,"column":38}},"loc":{"start":{"line":55,"column":65},"end":{"line":62,"column":2}}},"3":{"name":"(anonymous_17)","decl":{"start":{"line":55,"column":65},"end":{"line":55,"column":null}},"loc":{"start":{"line":55,"column":65},"end":{"line":62,"column":2}}},"4":{"name":"(anonymous_19)","decl":{"start":{"line":64,"column":29},"end":{"line":64,"column":36}},"loc":{"start":{"line":64,"column":63},"end":{"line":71,"column":2}}},"5":{"name":"(anonymous_20)","decl":{"start":{"line":64,"column":63},"end":{"line":64,"column":null}},"loc":{"start":{"line":64,"column":63},"end":{"line":71,"column":2}}},"6":{"name":"(anonymous_22)","decl":{"start":{"line":73,"column":34},"end":{"line":73,"column":41}},"loc":{"start":{"line":73,"column":68},"end":{"line":80,"column":2}}},"7":{"name":"(anonymous_23)","decl":{"start":{"line":73,"column":68},"end":{"line":73,"column":null}},"loc":{"start":{"line":73,"column":68},"end":{"line":80,"column":2}}},"8":{"name":"(anonymous_25)","decl":{"start":{"line":82,"column":37},"end":{"line":82,"column":44}},"loc":{"start":{"line":82,"column":71},"end":{"line":93,"column":2}}},"9":{"name":"(anonymous_26)","decl":{"start":{"line":82,"column":71},"end":{"line":82,"column":null}},"loc":{"start":{"line":82,"column":71},"end":{"line":93,"column":2}}},"10":{"name":"(anonymous_28)","decl":{"start":{"line":95,"column":29},"end":{"line":95,"column":36}},"loc":{"start":{"line":95,"column":63},"end":{"line":106,"column":2}}},"11":{"name":"(anonymous_29)","decl":{"start":{"line":95,"column":63},"end":{"line":95,"column":null}},"loc":{"start":{"line":95,"column":63},"end":{"line":106,"column":2}}},"12":{"name":"(anonymous_31)","decl":{"start":{"line":108,"column":30},"end":{"line":108,"column":37}},"loc":{"start":{"line":108,"column":64},"end":{"line":119,"column":2}}},"13":{"name":"(anonymous_32)","decl":{"start":{"line":108,"column":64},"end":{"line":108,"column":null}},"loc":{"start":{"line":108,"column":64},"end":{"line":119,"column":2}}},"14":{"name":"(anonymous_34)","decl":{"start":{"line":121,"column":30},"end":{"line":121,"column":37}},"loc":{"start":{"line":121,"column":64},"end":{"line":151,"column":2}}},"15":{"name":"(anonymous_35)","decl":{"start":{"line":121,"column":64},"end":{"line":121,"column":null}},"loc":{"start":{"line":121,"column":64},"end":{"line":151,"column":2}}},"16":{"name":"(anonymous_37)","decl":{"start":{"line":153,"column":32},"end":{"line":153,"column":39}},"loc":{"start":{"line":153,"column":66},"end":{"line":166,"column":2}}},"17":{"name":"(anonymous_38)","decl":{"start":{"line":153,"column":66},"end":{"line":153,"column":null}},"loc":{"start":{"line":153,"column":66},"end":{"line":166,"column":2}}},"18":{"name":"(anonymous_40)","decl":{"start":{"line":168,"column":32},"end":{"line":168,"column":39}},"loc":{"start":{"line":168,"column":66},"end":{"line":181,"column":2}}},"19":{"name":"(anonymous_41)","decl":{"start":{"line":168,"column":66},"end":{"line":168,"column":null}},"loc":{"start":{"line":168,"column":66},"end":{"line":181,"column":2}}},"20":{"name":"(anonymous_43)","decl":{"start":{"line":183,"column":32},"end":{"line":183,"column":39}},"loc":{"start":{"line":183,"column":66},"end":{"line":191,"column":2}}},"21":{"name":"(anonymous_44)","decl":{"start":{"line":183,"column":66},"end":{"line":183,"column":null}},"loc":{"start":{"line":183,"column":66},"end":{"line":191,"column":2}}}},"branchMap":{"0":{"loc":{"start":{"line":46,"column":6},"end":{"line":46,"column":86}},"type":"switch","locations":[{"start":{"line":46,"column":6},"end":{"line":46,"column":86}},{"start":{"line":49,"column":4},"end":{"line":49,"column":43}}]},"1":{"loc":{"start":{"line":25,"column":4},"end":{"line":27,"column":null}},"type":"if","locations":[{"start":{"line":25,"column":4},"end":{"line":27,"column":null}}]},"2":{"loc":{"start":{"line":25,"column":8},"end":{"line":25,"column":67}},"type":"binary-expr","locations":[{"start":{"line":25,"column":8},"end":{"line":25,"column":13}},{"start":{"line":25,"column":17},"end":{"line":25,"column":23}},{"start":{"line":25,"column":27},"end":{"line":25,"column":40}},{"start":{"line":25,"column":44},"end":{"line":25,"column":58}},{"start":{"line":25,"column":62},"end":{"line":25,"column":67}}]},"3":{"loc":{"start":{"line":29,"column":4},"end":{"line":31,"column":null}},"type":"if","locations":[{"start":{"line":29,"column":4},"end":{"line":31,"column":null}}]},"4":{"loc":{"start":{"line":35,"column":8},"end":{"line":35,"column":17}},"type":"if","locations":[{"start":{"line":35,"column":8},"end":{"line":35,"column":17}}]},"5":{"loc":{"start":{"line":35,"column":8},"end":{"line":35,"column":41}},"type":"binary-expr","locations":[{"start":{"line":35,"column":8},"end":{"line":35,"column":17}},{"start":{"line":35,"column":21},"end":{"line":35,"column":41}}]},"6":{"loc":{"start":{"line":36,"column":28},"end":{"line":36,"column":null}},"type":"if","locations":[{"start":{"line":36,"column":28},"end":{"line":36,"column":null}}]},"7":{"loc":{"start":{"line":41,"column":8},"end":{"line":41,"column":12}},"type":"if","locations":[{"start":{"line":41,"column":8},"end":{"line":41,"column":12}}]},"8":{"loc":{"start":{"line":41,"column":8},"end":{"line":41,"column":36}},"type":"binary-expr","locations":[{"start":{"line":41,"column":8},"end":{"line":41,"column":29}},{"start":{"line":41,"column":33},"end":{"line":41,"column":36}}]},"9":{"loc":{"start":{"line":43,"column":15},"end":{"line":43,"column":19}},"type":"if","locations":[{"start":{"line":43,"column":15},"end":{"line":43,"column":19}}]},"10":{"loc":{"start":{"line":43,"column":15},"end":{"line":43,"column":59}},"type":"binary-expr","locations":[{"start":{"line":43,"column":15},"end":{"line":43,"column":33}},{"start":{"line":43,"column":37},"end":{"line":43,"column":41}},{"start":{"line":43,"column":45},"end":{"line":43,"column":59}}]},"11":{"loc":{"start":{"line":86,"column":4},"end":{"line":88,"column":null}},"type":"if","locations":[{"start":{"line":86,"column":4},"end":{"line":88,"column":null}}]},"12":{"loc":{"start":{"line":99,"column":4},"end":{"line":101,"column":null}},"type":"if","locations":[{"start":{"line":99,"column":4},"end":{"line":101,"column":null}}]},"13":{"loc":{"start":{"line":112,"column":4},"end":{"line":114,"column":null}},"type":"if","locations":[{"start":{"line":112,"column":4},"end":{"line":114,"column":null}}]},"14":{"loc":{"start":{"line":143,"column":6},"end":{"line":143,"column":86}},"type":"switch","locations":[{"start":{"line":143,"column":6},"end":{"line":143,"column":86}},{"start":{"line":146,"column":4},"end":{"line":146,"column":47}}]},"15":{"loc":{"start":{"line":126,"column":4},"end":{"line":128,"column":null}},"type":"if","locations":[{"start":{"line":126,"column":4},"end":{"line":128,"column":null}}]},"16":{"loc":{"start":{"line":126,"column":8},"end":{"line":126,"column":50}},"type":"binary-expr","locations":[{"start":{"line":126,"column":8},"end":{"line":126,"column":13}},{"start":{"line":126,"column":17},"end":{"line":126,"column":23}},{"start":{"line":126,"column":27},"end":{"line":126,"column":41}},{"start":{"line":126,"column":45},"end":{"line":126,"column":50}}]},"17":{"loc":{"start":{"line":132,"column":8},"end":{"line":132,"column":17}},"type":"if","locations":[{"start":{"line":132,"column":8},"end":{"line":132,"column":17}}]},"18":{"loc":{"start":{"line":132,"column":8},"end":{"line":132,"column":41}},"type":"binary-expr","locations":[{"start":{"line":132,"column":8},"end":{"line":132,"column":17}},{"start":{"line":132,"column":21},"end":{"line":132,"column":41}}]},"19":{"loc":{"start":{"line":133,"column":28},"end":{"line":133,"column":null}},"type":"if","locations":[{"start":{"line":133,"column":28},"end":{"line":133,"column":null}}]},"20":{"loc":{"start":{"line":138,"column":8},"end":{"line":138,"column":12}},"type":"if","locations":[{"start":{"line":138,"column":8},"end":{"line":138,"column":12}}]},"21":{"loc":{"start":{"line":140,"column":15},"end":{"line":140,"column":19}},"type":"if","locations":[{"start":{"line":140,"column":15},"end":{"line":140,"column":19}}]},"22":{"loc":{"start":{"line":140,"column":15},"end":{"line":140,"column":59}},"type":"binary-expr","locations":[{"start":{"line":140,"column":15},"end":{"line":140,"column":33}},{"start":{"line":140,"column":37},"end":{"line":140,"column":41}},{"start":{"line":140,"column":45},"end":{"line":140,"column":59}}]},"23":{"loc":{"start":{"line":158,"column":4},"end":{"line":160,"column":null}},"type":"if","locations":[{"start":{"line":158,"column":4},"end":{"line":160,"column":null}}]},"24":{"loc":{"start":{"line":173,"column":4},"end":{"line":175,"column":null}},"type":"if","locations":[{"start":{"line":173,"column":4},"end":{"line":175,"column":null}}]}},"s":{"0":0,"1":0,"2":0,"3":0,"4":0,"5":0,"6":0,"7":0,"8":0,"9":0,"10":0,"11":0,"12":0,"13":0,"14":0,"15":0,"16":0,"17":0,"18":0,"19":0,"20":0,"21":0,"22":0,"23":0,"24":0,"25":0,"26":0,"27":0,"28":0,"29":0,"30":0,"31":0,"32":0,"33":0,"34":0,"35":0,"36":0,"37":0,"38":0,"39":0,"40":0,"41":0,"42":0,"43":0,"44":0,"45":0,"46":0,"47":0,"48":0,"49":0,"50":0,"51":0,"52":0,"53":0,"54":0,"55":0,"56":0,"57":0,"58":0,"59":0,"60":0,"61":0,"62":0,"63":0,"64":0,"65":0,"66":0,"67":0,"68":0,"69":0,"70":0,"71":0,"72":0,"73":0,"74":0,"75":0,"76":0,"77":0,"78":0,"79":0,"80":0,"81":0,"82":0,"83":0,"84":0,"85":0,"86":0,"87":0,"88":0,"89":0,"90":0,"91":0,"92":0,"93":0,"94":0,"95":0,"96":0,"97":0,"98":0,"99":0,"100":0,"101":0,"102":0,"103":0,"104":0,"105":0,"106":0,"107":0,"108":0,"109":0,"110":0,"111":0,"112":0,"113":0,"114":0,"115":0,"116":0,"117":0,"118":0,"119":0,"120":0,"121":0,"122":0},"f":{"0":0,"1":0,"2":0,"3":0,"4":0,"5":0,"6":0,"7":0,"8":0,"9":0,"10":0,"11":0,"12":0,"13":0,"14":0,"15":0,"16":0,"17":0,"18":0,"19":0,"20":0,"21":0},"b":{"0":[0,0],"1":[0],"2":[0,0,0,0,0],"3":[0],"4":[0],"5":[0,0],"6":[0],"7":[0],"8":[0,0],"9":[0],"10":[0,0,0],"11":[0],"12":[0],"13":[0],"14":[0,0],"15":[0],"16":[0,0,0,0],"17":[0],"18":[0,0],"19":[0],"20":[0],"21":[0],"22":[0,0,0],"23":[0],"24":[0]}}
,"E:\\wefit\\teste-backend\\teste-backend\\test-backend-wefit\\teste-backend\\src\\middlewares\\errorHandler.ts": {"path":"E:\\wefit\\teste-backend\\teste-backend\\test-backend-wefit\\teste-backend\\src\\middlewares\\errorHandler.ts","statementMap":{"0":{"start":{"line":2,"column":0},"end":{"line":2,"column":51}},"1":{"start":{"line":4,"column":21},"end":{"line":7,"column":1}},"2":{"start":{"line":5,"column":2},"end":{"line":5,"column":27}},"3":{"start":{"line":6,"column":2},"end":{"line":6,"column":62}},"4":{"start":{"line":9,"column":0},"end":{"line":9,"column":28}}},"fnMap":{"0":{"name":"(anonymous_0)","decl":{"start":{"line":4,"column":21},"end":{"line":4,"column":22}},"loc":{"start":{"line":4,"column":79},"end":{"line":7,"column":1}}}},"branchMap":{},"s":{"0":0,"1":0,"2":0,"3":0,"4":0},"f":{"0":0},"b":{}}
,"E:\\wefit\\teste-backend\\teste-backend\\test-backend-wefit\\teste-backend\\src\\middlewares\\validateRequest.ts": {"path":"E:\\wefit\\teste-backend\\teste-backend\\test-backend-wefit\\teste-backend\\src\\middlewares\\validateRequest.ts","statementMap":{"0":{"start":{"line":2,"column":0},"end":{"line":2,"column":22}},"1":{"start":{"line":4,"column":23},"end":{"line":37,"column":2}},"2":{"start":{"line":39,"column":31},"end":{"line":65,"column":1}},"3":{"start":{"line":40,"column":2},"end":{"line":42,"column":null}},"4":{"start":{"line":41,"column":4},"end":{"line":41,"column":18}},"5":{"start":{"line":44,"column":20},"end":{"line":44,"column":77}},"6":{"start":{"line":45,"column":2},"end":{"line":48,"column":null}},"7":{"start":{"line":46,"column":25},"end":{"line":46,"column":94}},"8":{"start":{"line":46,"column":71},"end":{"line":46,"column":83}},"9":{"start":{"line":47,"column":4},"end":{"line":47,"column":59}},"10":{"start":{"line":50,"column":60},"end":{"line":50,"column":68}},"11":{"start":{"line":50,"column":15},"end":{"line":50,"column":17}},"12":{"start":{"line":50,"column":29},"end":{"line":50,"column":31}},"13":{"start":{"line":50,"column":44},"end":{"line":50,"column":46}},"14":{"start":{"line":50,"column":49},"end":{"line":50,"column":51}},"15":{"start":{"line":50,"column":55},"end":{"line":50,"column":60}},"16":{"start":{"line":52,"column":2},"end":{"line":54,"column":null}},"17":{"start":{"line":53,"column":4},"end":{"line":53,"column":90}},"18":{"start":{"line":56,"column":2},"end":{"line":58,"column":null}},"19":{"start":{"line":57,"column":4},"end":{"line":57,"column":97}},"20":{"start":{"line":60,"column":2},"end":{"line":62,"column":null}},"21":{"start":{"line":61,"column":4},"end":{"line":61,"column":84}},"22":{"start":{"line":64,"column":2},"end":{"line":64,"column":9}},"23":{"start":{"line":67,"column":0},"end":{"line":67,"column":38}}},"fnMap":{"0":{"name":"(anonymous_1)","decl":{"start":{"line":39,"column":31},"end":{"line":39,"column":32}},"loc":{"start":{"line":39,"column":79},"end":{"line":65,"column":1}}},"1":{"name":"(anonymous_2)","decl":{"start":{"line":46,"column":43},"end":{"line":46,"column":44}},"loc":{"start":{"line":46,"column":66},"end":{"line":46,"column":74}}}},"branchMap":{"0":{"loc":{"start":{"line":40,"column":2},"end":{"line":42,"column":null}},"type":"if","locations":[{"start":{"line":40,"column":2},"end":{"line":42,"column":null}}]},"1":{"loc":{"start":{"line":40,"column":6},"end":{"line":40,"column":125}},"type":"binary-expr","locations":[{"start":{"line":40,"column":6},"end":{"line":40,"column":26}},{"start":{"line":40,"column":30},"end":{"line":40,"column":53}},{"start":{"line":40,"column":58},"end":{"line":40,"column":80}},{"start":{"line":40,"column":84},"end":{"line":40,"column":124}}]},"2":{"loc":{"start":{"line":45,"column":2},"end":{"line":48,"column":null}},"type":"if","locations":[{"start":{"line":45,"column":2},"end":{"line":48,"column":null}}]},"3":{"loc":{"start":{"line":52,"column":2},"end":{"line":54,"column":null}},"type":"if","locations":[{"start":{"line":52,"column":2},"end":{"line":54,"column":null}}]},"4":{"loc":{"start":{"line":56,"column":2},"end":{"line":58,"column":null}},"type":"if","locations":[{"start":{"line":56,"column":2},"end":{"line":58,"column":null}}]},"5":{"loc":{"start":{"line":60,"column":2},"end":{"line":62,"column":null}},"type":"if","locations":[{"start":{"line":60,"column":2},"end":{"line":62,"column":null}}]},"6":{"loc":{"start":{"line":60,"column":6},"end":{"line":60,"column":19}},"type":"binary-expr","locations":[{"start":{"line":60,"column":6},"end":{"line":60,"column":10}},{"start":{"line":60,"column":14},"end":{"line":60,"column":19}}]}},"s":{"0":0,"1":0,"2":0,"3":0,"4":0,"5":0,"6":0,"7":0,"8":0,"9":0,"10":0,"11":0,"12":0,"13":0,"14":0,"15":0,"16":0,"17":0,"18":0,"19":0,"20":0,"21":0,"22":0,"23":0},"f":{"0":0,"1":0},"b":{"0":[0],"1":[0,0,0,0],"2":[0],"3":[0],"4":[0],"5":[0],"6":[0,0]}}
,"E:\\wefit\\teste-backend\\teste-backend\\test-backend-wefit\\teste-backend\\src\\models\\cadastro.model.ts": {"path":"E:\\wefit\\teste-backend\\teste-backend\\test-backend-wefit\\teste-backend\\src\\models\\cadastro.model.ts","statementMap":{"0":{"start":{"line":1,"column":0},"end":{"line":1,"column":46}},"1":{"start":{"line":3,"column":15},"end":{"line":3,"column":33}},"2":{"start":{"line":5,"column":0},"end":{"line":5,"column":22}}},"fnMap":{},"branchMap":{},"s":{"0":0,"1":0,"2":0},"f":{},"b":{}}
,"E:\\wefit\\teste-backend\\teste-backend\\test-backend-wefit\\teste-backend\\src\\repositories\\cadastro.repository.ts": {"path":"E:\\wefit\\teste-backend\\teste-backend\\test-backend-wefit\\teste-backend\\src\\repositories\\cadastro.repository.ts","statementMap":{"0":{"start":{"line":1,"column":0},"end":{"line":1,"column":46}},"1":{"start":{"line":3,"column":29},"end":{"line":5,"column":2}},"2":{"start":{"line":3,"column":52},"end":{"line":5,"column":2}},"3":{"start":{"line":4,"column":9},"end":{"line":4,"column":60}},"4":{"start":{"line":4,"column":2},"end":{"line":4,"column":60}},"5":{"start":{"line":3,"column":13},"end":{"line":3,"column":29}},"6":{"start":{"line":7,"column":28},"end":{"line":9,"column":2}},"7":{"start":{"line":7,"column":50},"end":{"line":9,"column":2}},"8":{"start":{"line":8,"column":9},"end":{"line":8,"column":58}},"9":{"start":{"line":8,"column":2},"end":{"line":8,"column":58}},"10":{"start":{"line":7,"column":13},"end":{"line":7,"column":28}},"11":{"start":{"line":11,"column":31},"end":{"line":13,"column":2}},"12":{"start":{"line":12,"column":9},"end":{"line":12,"column":41}},"13":{"start":{"line":12,"column":2},"end":{"line":12,"column":41}},"14":{"start":{"line":11,"column":13},"end":{"line":11,"column":31}},"15":{"start":{"line":15,"column":29},"end":{"line":17,"column":2}},"16":{"start":{"line":16,"column":9},"end":{"line":16,"column":40}},"17":{"start":{"line":16,"column":2},"end":{"line":16,"column":40}},"18":{"start":{"line":15,"column":13},"end":{"line":15,"column":29}},"19":{"start":{"line":19,"column":32},"end":{"line":24,"column":2}},"20":{"start":{"line":19,"column":49},"end":{"line":24,"column":2}},"21":{"start":{"line":20,"column":9},"end":{"line":23,"column":5}},"22":{"start":{"line":20,"column":2},"end":{"line":23,"column":5}},"23":{"start":{"line":19,"column":13},"end":{"line":19,"column":32}}},"fnMap":{"0":{"name":"(anonymous_14)","decl":{"start":{"line":3,"column":29},"end":{"line":3,"column":36}},"loc":{"start":{"line":3,"column":52},"end":{"line":5,"column":2}}},"1":{"name":"(anonymous_15)","decl":{"start":{"line":3,"column":52},"end":{"line":3,"column":null}},"loc":{"start":{"line":3,"column":52},"end":{"line":5,"column":2}}},"2":{"name":"(anonymous_17)","decl":{"start":{"line":7,"column":28},"end":{"line":7,"column":35}},"loc":{"start":{"line":7,"column":50},"end":{"line":9,"column":2}}},"3":{"name":"(anonymous_18)","decl":{"start":{"line":7,"column":50},"end":{"line":7,"column":null}},"loc":{"start":{"line":7,"column":50},"end":{"line":9,"column":2}}},"4":{"name":"(anonymous_20)","decl":{"start":{"line":11,"column":31},"end":{"line":11,"column":null}},"loc":{"start":{"line":11,"column":31},"end":{"line":13,"column":2}}},"5":{"name":"(anonymous_23)","decl":{"start":{"line":15,"column":29},"end":{"line":15,"column":null}},"loc":{"start":{"line":15,"column":29},"end":{"line":17,"column":2}}},"6":{"name":"(anonymous_26)","decl":{"start":{"line":19,"column":32},"end":{"line":19,"column":39}},"loc":{"start":{"line":19,"column":49},"end":{"line":24,"column":2}}},"7":{"name":"(anonymous_27)","decl":{"start":{"line":19,"column":49},"end":{"line":19,"column":null}},"loc":{"start":{"line":19,"column":49},"end":{"line":24,"column":2}}}},"branchMap":{"0":{"loc":{"start":{"line":4,"column":9},"end":{"line":4,"column":60}},"type":"switch","locations":[{"start":{"line":4,"column":9},"end":{"line":4,"column":60}},{"start":{"line":4,"column":2},"end":{"line":4,"column":60}}]},"1":{"loc":{"start":{"line":8,"column":9},"end":{"line":8,"column":58}},"type":"switch","locations":[{"start":{"line":8,"column":9},"end":{"line":8,"column":58}},{"start":{"line":8,"column":2},"end":{"line":8,"column":58}}]},"2":{"loc":{"start":{"line":12,"column":9},"end":{"line":12,"column":41}},"type":"switch","locations":[{"start":{"line":12,"column":9},"end":{"line":12,"column":41}},{"start":{"line":12,"column":2},"end":{"line":12,"column":41}}]},"3":{"loc":{"start":{"line":16,"column":9},"end":{"line":16,"column":40}},"type":"switch","locations":[{"start":{"line":16,"column":9},"end":{"line":16,"column":40}},{"start":{"line":16,"column":2},"end":{"line":16,"column":40}}]},"4":{"loc":{"start":{"line":20,"column":9},"end":{"line":23,"column":5}},"type":"switch","locations":[{"start":{"line":20,"column":9},"end":{"line":23,"column":5}},{"start":{"line":20,"column":2},"end":{"line":23,"column":5}}]}},"s":{"0":0,"1":0,"2":0,"3":0,"4":0,"5":0,"6":0,"7":0,"8":0,"9":0,"10":0,"11":0,"12":0,"13":0,"14":0,"15":0,"16":0,"17":0,"18":0,"19":0,"20":0,"21":0,"22":0,"23":0},"f":{"0":0,"1":0,"2":0,"3":0,"4":0,"5":0,"6":0,"7":0},"b":{"0":[0,0],"1":[0,0],"2":[0,0],"3":[0,0],"4":[0,0]}}
,"E:\\wefit\\teste-backend\\teste-backend\\test-backend-wefit\\teste-backend\\src\\routes\\cadastro.routes.ts": {"path":"E:\\wefit\\teste-backend\\teste-backend\\test-backend-wefit\\teste-backend\\src\\routes\\cadastro.routes.ts","statementMap":{"0":{"start":{"line":1,"column":0},"end":{"line":1,"column":33}},"1":{"start":{"line":2,"column":0},"end":{"line":2,"column":244}},"2":{"start":{"line":3,"column":0},"end":{"line":3,"column":61}},"3":{"start":{"line":5,"column":15},"end":{"line":5,"column":23}},"4":{"start":{"line":7,"column":0},"end":{"line":7,"column":58}},"5":{"start":{"line":9,"column":0},"end":{"line":9,"column":42}},"6":{"start":{"line":10,"column":0},"end":{"line":10,"column":45}},"7":{"start":{"line":11,"column":0},"end":{"line":11,"column":38}},"8":{"start":{"line":12,"column":0},"end":{"line":12,"column":52}},"9":{"start":{"line":13,"column":0},"end":{"line":13,"column":59}},"10":{"start":{"line":14,"column":0},"end":{"line":14,"column":42}},"11":{"start":{"line":16,"column":0},"end":{"line":16,"column":68}},"12":{"start":{"line":18,"column":0},"end":{"line":18,"column":59}},"13":{"start":{"line":19,"column":0},"end":{"line":19,"column":58}},"14":{"start":{"line":21,"column":0},"end":{"line":21,"column":58}},"15":{"start":{"line":23,"column":0},"end":{"line":23,"column":22}}},"fnMap":{},"branchMap":{},"s":{"0":0,"1":0,"2":0,"3":0,"4":0,"5":0,"6":0,"7":0,"8":0,"9":0,"10":0,"11":0,"12":0,"13":0,"14":0,"15":0},"f":{},"b":{}}
,"E:\\wefit\\teste-backend\\teste-backend\\test-backend-wefit\\teste-backend\\src\\services\\cadastro.service.ts": {"path":"E:\\wefit\\teste-backend\\teste-backend\\test-backend-wefit\\teste-backend\\src\\services\\cadastro.service.ts","statementMap":{"0":{"start":{"line":1,"column":0},"end":{"line":1,"column":46}},"1":{"start":{"line":2,"column":0},"end":{"line":2,"column":40}},"2":{"start":{"line":3,"column":0},"end":{"line":3,"column":71}},"3":{"start":{"line":5,"column":35},"end":{"line":18,"column":2}},"4":{"start":{"line":5,"column":172},"end":{"line":18,"column":2}},"5":{"start":{"line":7,"column":11},"end":{"line":9,"column":7}},"6":{"start":{"line":7,"column":4},"end":{"line":9,"column":7}},"7":{"start":{"line":11,"column":4},"end":{"line":11,"column":58}},"8":{"start":{"line":12,"column":4},"end":{"line":15,"column":null}},"9":{"start":{"line":13,"column":12},"end":{"line":13,"column":72}},"10":{"start":{"line":14,"column":6},"end":{"line":14,"column":92}},"11":{"start":{"line":16,"column":4},"end":{"line":16,"column":16}},"12":{"start":{"line":5,"column":13},"end":{"line":5,"column":35}},"13":{"start":{"line":20,"column":39},"end":{"line":49,"column":2}},"14":{"start":{"line":20,"column":85},"end":{"line":49,"column":2}},"15":{"start":{"line":22,"column":31},"end":{"line":26,"column":null}},"16":{"start":{"line":22,"column":10},"end":{"line":26,"column":null}},"17":{"start":{"line":28,"column":4},"end":{"line":30,"column":null}},"18":{"start":{"line":29,"column":6},"end":{"line":29,"column":44}},"19":{"start":{"line":32,"column":11},"end":{"line":37,"column":7}},"20":{"start":{"line":32,"column":4},"end":{"line":37,"column":7}},"21":{"start":{"line":39,"column":4},"end":{"line":39,"column":62}},"22":{"start":{"line":40,"column":4},"end":{"line":46,"column":null}},"23":{"start":{"line":41,"column":6},"end":{"line":43,"column":null}},"24":{"start":{"line":42,"column":8},"end":{"line":42,"column":56}},"25":{"start":{"line":44,"column":12},"end":{"line":44,"column":72}},"26":{"start":{"line":45,"column":6},"end":{"line":45,"column":92}},"27":{"start":{"line":47,"column":4},"end":{"line":47,"column":16}},"28":{"start":{"line":20,"column":13},"end":{"line":20,"column":39}},"29":{"start":{"line":51,"column":36},"end":{"line":78,"column":2}},"30":{"start":{"line":51,"column":107},"end":{"line":78,"column":2}},"31":{"start":{"line":54,"column":30},"end":{"line":58,"column":null}},"32":{"start":{"line":54,"column":10},"end":{"line":58,"column":null}},"33":{"start":{"line":60,"column":4},"end":{"line":62,"column":null}},"34":{"start":{"line":61,"column":6},"end":{"line":61,"column":76}},"35":{"start":{"line":64,"column":11},"end":{"line":69,"column":7}},"36":{"start":{"line":64,"column":4},"end":{"line":69,"column":7}},"37":{"start":{"line":71,"column":4},"end":{"line":71,"column":59}},"38":{"start":{"line":72,"column":4},"end":{"line":75,"column":null}},"39":{"start":{"line":73,"column":12},"end":{"line":73,"column":72}},"40":{"start":{"line":74,"column":6},"end":{"line":74,"column":92}},"41":{"start":{"line":76,"column":4},"end":{"line":76,"column":16}},"42":{"start":{"line":51,"column":13},"end":{"line":51,"column":36}},"43":{"start":{"line":80,"column":36},"end":{"line":96,"column":2}},"44":{"start":{"line":80,"column":193},"end":{"line":96,"column":2}},"45":{"start":{"line":82,"column":11},"end":{"line":87,"column":7}},"46":{"start":{"line":82,"column":4},"end":{"line":87,"column":7}},"47":{"start":{"line":89,"column":4},"end":{"line":89,"column":59}},"48":{"start":{"line":90,"column":4},"end":{"line":93,"column":null}},"49":{"start":{"line":91,"column":12},"end":{"line":91,"column":72}},"50":{"start":{"line":92,"column":6},"end":{"line":92,"column":92}},"51":{"start":{"line":94,"column":4},"end":{"line":94,"column":16}},"52":{"start":{"line":80,"column":13},"end":{"line":80,"column":36}},"53":{"start":{"line":98,"column":38},"end":{"line":112,"column":2}},"54":{"start":{"line":98,"column":45},"end":{"line":98,"column":null}},"55":{"start":{"line":100,"column":22},"end":{"line":102,"column":null}},"56":{"start":{"line":100,"column":10},"end":{"line":102,"column":null}},"57":{"start":{"line":103,"column":4},"end":{"line":103,"column":21}},"58":{"start":{"line":105,"column":4},"end":{"line":105,"column":61}},"59":{"start":{"line":106,"column":4},"end":{"line":109,"column":null}},"60":{"start":{"line":107,"column":12},"end":{"line":107,"column":72}},"61":{"start":{"line":108,"column":6},"end":{"line":108,"column":92}},"62":{"start":{"line":110,"column":4},"end":{"line":110,"column":49}},"63":{"start":{"line":98,"column":13},"end":{"line":98,"column":38}},"64":{"start":{"line":114,"column":37},"end":{"line":128,"column":2}},"65":{"start":{"line":114,"column":56},"end":{"line":114,"column":null}},"66":{"start":{"line":116,"column":20},"end":{"line":118,"column":null}},"67":{"start":{"line":116,"column":10},"end":{"line":118,"column":null}},"68":{"start":{"line":119,"column":4},"end":{"line":119,"column":19}},"69":{"start":{"line":121,"column":4},"end":{"line":121,"column":60}},"70":{"start":{"line":122,"column":4},"end":{"line":125,"column":null}},"71":{"start":{"line":123,"column":12},"end":{"line":123,"column":72}},"72":{"start":{"line":124,"column":6},"end":{"line":124,"column":92}},"73":{"start":{"line":126,"column":4},"end":{"line":126,"column":47}},"74":{"start":{"line":114,"column":13},"end":{"line":114,"column":37}},"75":{"start":{"line":130,"column":36},"end":{"line":144,"column":2}},"76":{"start":{"line":130,"column":43},"end":{"line":130,"column":null}},"77":{"start":{"line":132,"column":20},"end":{"line":134,"column":null}},"78":{"start":{"line":132,"column":10},"end":{"line":134,"column":null}},"79":{"start":{"line":135,"column":4},"end":{"line":135,"column":19}},"80":{"start":{"line":137,"column":4},"end":{"line":137,"column":59}},"81":{"start":{"line":138,"column":4},"end":{"line":141,"column":null}},"82":{"start":{"line":139,"column":12},"end":{"line":139,"column":72}},"83":{"start":{"line":140,"column":6},"end":{"line":140,"column":92}},"84":{"start":{"line":142,"column":4},"end":{"line":142,"column":47}},"85":{"start":{"line":130,"column":13},"end":{"line":130,"column":36}},"86":{"start":{"line":146,"column":41},"end":{"line":160,"column":2}},"87":{"start":{"line":148,"column":20},"end":{"line":150,"column":null}},"88":{"start":{"line":148,"column":10},"end":{"line":150,"column":null}},"89":{"start":{"line":151,"column":4},"end":{"line":151,"column":19}},"90":{"start":{"line":153,"column":4},"end":{"line":153,"column":64}},"91":{"start":{"line":154,"column":4},"end":{"line":157,"column":null}},"92":{"start":{"line":155,"column":12},"end":{"line":155,"column":72}},"93":{"start":{"line":156,"column":6},"end":{"line":156,"column":92}},"94":{"start":{"line":158,"column":4},"end":{"line":158,"column":56}},"95":{"start":{"line":146,"column":13},"end":{"line":146,"column":41}},"96":{"start":{"line":162,"column":36},"end":{"line":176,"column":2}},"97":{"start":{"line":162,"column":55},"end":{"line":162,"column":null}},"98":{"start":{"line":164,"column":19},"end":{"line":166,"column":null}},"99":{"start":{"line":164,"column":10},"end":{"line":166,"column":null}},"100":{"start":{"line":167,"column":4},"end":{"line":167,"column":18}},"101":{"start":{"line":169,"column":4},"end":{"line":169,"column":59}},"102":{"start":{"line":170,"column":4},"end":{"line":173,"column":null}},"103":{"start":{"line":171,"column":12},"end":{"line":171,"column":72}},"104":{"start":{"line":172,"column":6},"end":{"line":172,"column":92}},"105":{"start":{"line":174,"column":4},"end":{"line":174,"column":46}},"106":{"start":{"line":162,"column":13},"end":{"line":162,"column":36}},"107":{"start":{"line":178,"column":44},"end":{"line":192,"column":2}},"108":{"start":{"line":178,"column":61},"end":{"line":192,"column":2}},"109":{"start":{"line":180,"column":19},"end":{"line":182,"column":null}},"110":{"start":{"line":180,"column":10},"end":{"line":182,"column":null}},"111":{"start":{"line":183,"column":4},"end":{"line":183,"column":18}},"112":{"start":{"line":185,"column":4},"end":{"line":185,"column":67}},"113":{"start":{"line":186,"column":4},"end":{"line":189,"column":null}},"114":{"start":{"line":187,"column":12},"end":{"line":187,"column":72}},"115":{"start":{"line":188,"column":6},"end":{"line":188,"column":92}},"116":{"start":{"line":190,"column":4},"end":{"line":190,"column":61}},"117":{"start":{"line":178,"column":13},"end":{"line":178,"column":44}},"118":{"start":{"line":194,"column":37},"end":{"line":209,"column":2}},"119":{"start":{"line":194,"column":168},"end":{"line":209,"column":2}},"120":{"start":{"line":196,"column":21},"end":{"line":199,"column":null}},"121":{"start":{"line":196,"column":10},"end":{"line":199,"column":null}},"122":{"start":{"line":200,"column":4},"end":{"line":200,"column":20}},"123":{"start":{"line":202,"column":4},"end":{"line":202,"column":60}},"124":{"start":{"line":203,"column":4},"end":{"line":206,"column":null}},"125":{"start":{"line":204,"column":12},"end":{"line":204,"column":72}},"126":{"start":{"line":205,"column":6},"end":{"line":205,"column":92}},"127":{"start":{"line":207,"column":4},"end":{"line":207,"column":49}},"128":{"start":{"line":194,"column":13},"end":{"line":194,"column":37}},"129":{"start":{"line":211,"column":39},"end":{"line":226,"column":2}},"130":{"start":{"line":211,"column":86},"end":{"line":226,"column":2}},"131":{"start":{"line":213,"column":23},"end":{"line":216,"column":null}},"132":{"start":{"line":213,"column":10},"end":{"line":216,"column":null}},"133":{"start":{"line":217,"column":4},"end":{"line":217,"column":22}},"134":{"start":{"line":219,"column":4},"end":{"line":219,"column":62}},"135":{"start":{"line":220,"column":4},"end":{"line":223,"column":null}},"136":{"start":{"line":221,"column":12},"end":{"line":221,"column":72}},"137":{"start":{"line":222,"column":6},"end":{"line":222,"column":92}},"138":{"start":{"line":224,"column":4},"end":{"line":224,"column":51}},"139":{"start":{"line":211,"column":13},"end":{"line":211,"column":39}},"140":{"start":{"line":228,"column":36},"end":{"line":243,"column":2}},"141":{"start":{"line":228,"column":109},"end":{"line":243,"column":2}},"142":{"start":{"line":230,"column":20},"end":{"line":233,"column":null}},"143":{"start":{"line":230,"column":10},"end":{"line":233,"column":null}},"144":{"start":{"line":234,"column":4},"end":{"line":234,"column":19}},"145":{"start":{"line":236,"column":4},"end":{"line":236,"column":59}},"146":{"start":{"line":237,"column":4},"end":{"line":240,"column":null}},"147":{"start":{"line":238,"column":12},"end":{"line":238,"column":72}},"148":{"start":{"line":239,"column":6},"end":{"line":239,"column":92}},"149":{"start":{"line":241,"column":4},"end":{"line":241,"column":48}},"150":{"start":{"line":228,"column":13},"end":{"line":228,"column":36}},"151":{"start":{"line":245,"column":39},"end":{"line":247,"column":2}},"152":{"start":{"line":245,"column":56},"end":{"line":247,"column":2}},"153":{"start":{"line":246,"column":9},"end":{"line":246,"column":47}},"154":{"start":{"line":246,"column":2},"end":{"line":246,"column":47}},"155":{"start":{"line":245,"column":13},"end":{"line":245,"column":39}},"156":{"start":{"line":249,"column":39},"end":{"line":264,"column":2}},"157":{"start":{"line":249,"column":56},"end":{"line":264,"column":2}},"158":{"start":{"line":251,"column":19},"end":{"line":254,"column":null}},"159":{"start":{"line":251,"column":10},"end":{"line":254,"column":null}},"160":{"start":{"line":255,"column":4},"end":{"line":255,"column":18}},"161":{"start":{"line":257,"column":4},"end":{"line":257,"column":62}},"162":{"start":{"line":258,"column":4},"end":{"line":261,"column":null}},"163":{"start":{"line":259,"column":12},"end":{"line":259,"column":72}},"164":{"start":{"line":260,"column":6},"end":{"line":260,"column":92}},"165":{"start":{"line":262,"column":4},"end":{"line":262,"column":51}},"166":{"start":{"line":249,"column":13},"end":{"line":249,"column":39}},"167":{"start":{"line":266,"column":39},"end":{"line":293,"column":2}},"168":{"start":{"line":266,"column":56},"end":{"line":293,"column":2}},"169":{"start":{"line":269,"column":4},"end":{"line":271,"column":7}},"170":{"start":{"line":274,"column":4},"end":{"line":276,"column":7}},"171":{"start":{"line":277,"column":4},"end":{"line":279,"column":7}},"172":{"start":{"line":282,"column":4},"end":{"line":284,"column":7}},"173":{"start":{"line":286,"column":4},"end":{"line":286,"column":62}},"174":{"start":{"line":287,"column":4},"end":{"line":290,"column":null}},"175":{"start":{"line":288,"column":12},"end":{"line":288,"column":72}},"176":{"start":{"line":289,"column":6},"end":{"line":289,"column":92}},"177":{"start":{"line":291,"column":4},"end":{"line":291,"column":16}},"178":{"start":{"line":266,"column":13},"end":{"line":266,"column":39}}},"fnMap":{"0":{"name":"(anonymous_16)","decl":{"start":{"line":5,"column":35},"end":{"line":5,"column":42}},"loc":{"start":{"line":5,"column":172},"end":{"line":18,"column":2}}},"1":{"name":"(anonymous_17)","decl":{"start":{"line":5,"column":172},"end":{"line":5,"column":null}},"loc":{"start":{"line":5,"column":172},"end":{"line":18,"column":2}}},"2":{"name":"(anonymous_19)","decl":{"start":{"line":20,"column":39},"end":{"line":20,"column":46}},"loc":{"start":{"line":20,"column":85},"end":{"line":49,"column":2}}},"3":{"name":"(anonymous_20)","decl":{"start":{"line":20,"column":85},"end":{"line":20,"column":null}},"loc":{"start":{"line":20,"column":85},"end":{"line":49,"column":2}}},"4":{"name":"(anonymous_22)","decl":{"start":{"line":51,"column":36},"end":{"line":51,"column":43}},"loc":{"start":{"line":51,"column":107},"end":{"line":78,"column":2}}},"5":{"name":"(anonymous_23)","decl":{"start":{"line":51,"column":107},"end":{"line":51,"column":null}},"loc":{"start":{"line":51,"column":107},"end":{"line":78,"column":2}}},"6":{"name":"(anonymous_25)","decl":{"start":{"line":80,"column":36},"end":{"line":80,"column":43}},"loc":{"start":{"line":80,"column":193},"end":{"line":96,"column":2}}},"7":{"name":"(anonymous_26)","decl":{"start":{"line":80,"column":193},"end":{"line":80,"column":null}},"loc":{"start":{"line":80,"column":193},"end":{"line":96,"column":2}}},"8":{"name":"(anonymous_28)","decl":{"start":{"line":98,"column":38},"end":{"line":98,"column":45}},"loc":{"start":{"line":98,"column":69},"end":{"line":112,"column":2}}},"9":{"name":"(anonymous_31)","decl":{"start":{"line":114,"column":37},"end":{"line":114,"column":44}},"loc":{"start":{"line":114,"column":80},"end":{"line":128,"column":2}}},"10":{"name":"(anonymous_34)","decl":{"start":{"line":130,"column":36},"end":{"line":130,"column":43}},"loc":{"start":{"line":130,"column":67},"end":{"line":144,"column":2}}},"11":{"name":"(anonymous_37)","decl":{"start":{"line":146,"column":41},"end":{"line":146,"column":null}},"loc":{"start":{"line":146,"column":41},"end":{"line":160,"column":2}}},"12":{"name":"(anonymous_40)","decl":{"start":{"line":162,"column":36},"end":{"line":162,"column":43}},"loc":{"start":{"line":162,"column":79},"end":{"line":176,"column":2}}},"13":{"name":"(anonymous_43)","decl":{"start":{"line":178,"column":44},"end":{"line":178,"column":51}},"loc":{"start":{"line":178,"column":61},"end":{"line":192,"column":2}}},"14":{"name":"(anonymous_44)","decl":{"start":{"line":178,"column":61},"end":{"line":178,"column":null}},"loc":{"start":{"line":178,"column":61},"end":{"line":192,"column":2}}},"15":{"name":"(anonymous_46)","decl":{"start":{"line":194,"column":37},"end":{"line":194,"column":44}},"loc":{"start":{"line":194,"column":168},"end":{"line":209,"column":2}}},"16":{"name":"(anonymous_47)","decl":{"start":{"line":194,"column":168},"end":{"line":194,"column":null}},"loc":{"start":{"line":194,"column":168},"end":{"line":209,"column":2}}},"17":{"name":"(anonymous_49)","decl":{"start":{"line":211,"column":39},"end":{"line":211,"column":46}},"loc":{"start":{"line":211,"column":86},"end":{"line":226,"column":2}}},"18":{"name":"(anonymous_50)","decl":{"start":{"line":211,"column":86},"end":{"line":211,"column":null}},"loc":{"start":{"line":211,"column":86},"end":{"line":226,"column":2}}},"19":{"name":"(anonymous_52)","decl":{"start":{"line":228,"column":36},"end":{"line":228,"column":43}},"loc":{"start":{"line":228,"column":109},"end":{"line":243,"column":2}}},"20":{"name":"(anonymous_53)","decl":{"start":{"line":228,"column":109},"end":{"line":228,"column":null}},"loc":{"start":{"line":228,"column":109},"end":{"line":243,"column":2}}},"21":{"name":"(anonymous_55)","decl":{"start":{"line":245,"column":39},"end":{"line":245,"column":46}},"loc":{"start":{"line":245,"column":56},"end":{"line":247,"column":2}}},"22":{"name":"(anonymous_56)","decl":{"start":{"line":245,"column":56},"end":{"line":245,"column":null}},"loc":{"start":{"line":245,"column":56},"end":{"line":247,"column":2}}},"23":{"name":"(anonymous_58)","decl":{"start":{"line":249,"column":39},"end":{"line":249,"column":46}},"loc":{"start":{"line":249,"column":56},"end":{"line":264,"column":2}}},"24":{"name":"(anonymous_59)","decl":{"start":{"line":249,"column":56},"end":{"line":249,"column":null}},"loc":{"start":{"line":249,"column":56},"end":{"line":264,"column":2}}},"25":{"name":"(anonymous_61)","decl":{"start":{"line":266,"column":39},"end":{"line":266,"column":46}},"loc":{"start":{"line":266,"column":56},"end":{"line":293,"column":2}}},"26":{"name":"(anonymous_62)","decl":{"start":{"line":266,"column":56},"end":{"line":266,"column":null}},"loc":{"start":{"line":266,"column":56},"end":{"line":293,"column":2}}}},"branchMap":{"0":{"loc":{"start":{"line":7,"column":4},"end":{"line":9,"column":7}},"type":"switch","locations":[{"start":{"line":7,"column":4},"end":{"line":9,"column":7}}]},"1":{"loc":{"start":{"line":12,"column":4},"end":{"line":15,"column":null}},"type":"if","locations":[{"start":{"line":12,"column":4},"end":{"line":15,"column":null}}]},"2":{"loc":{"start":{"line":14,"column":61},"end":{"line":14,"column":88}},"type":"cond-expr","locations":[{"start":{"line":14,"column":77},"end":{"line":14,"column":79}},{"start":{"line":14,"column":77},"end":{"line":14,"column":88}}]},"3":{"loc":{"start":{"line":14,"column":61},"end":{"line":14,"column":79}},"type":"binary-expr","locations":[{"start":{"line":14,"column":61},"end":{"line":14,"column":79}},{"start":{"line":14,"column":77},"end":{"line":14,"column":79}}]},"4":{"loc":{"start":{"line":32,"column":4},"end":{"line":37,"column":7}},"type":"switch","locations":[{"start":{"line":32,"column":4},"end":{"line":37,"column":7}}]},"5":{"loc":{"start":{"line":28,"column":4},"end":{"line":30,"column":null}},"type":"if","locations":[{"start":{"line":28,"column":4},"end":{"line":30,"column":null}}]},"6":{"loc":{"start":{"line":40,"column":4},"end":{"line":46,"column":null}},"type":"if","locations":[{"start":{"line":40,"column":4},"end":{"line":46,"column":null}}]},"7":{"loc":{"start":{"line":41,"column":6},"end":{"line":43,"column":null}},"type":"if","locations":[{"start":{"line":41,"column":6},"end":{"line":43,"column":null}}]},"8":{"loc":{"start":{"line":45,"column":61},"end":{"line":45,"column":88}},"type":"cond-expr","locations":[{"start":{"line":45,"column":77},"end":{"line":45,"column":79}},{"start":{"line":45,"column":77},"end":{"line":45,"column":88}}]},"9":{"loc":{"start":{"line":45,"column":61},"end":{"line":45,"column":79}},"type":"binary-expr","locations":[{"start":{"line":45,"column":61},"end":{"line":45,"column":79}},{"start":{"line":45,"column":77},"end":{"line":45,"column":79}}]},"10":{"loc":{"start":{"line":64,"column":4},"end":{"line":69,"column":7}},"type":"switch","locations":[{"start":{"line":64,"column":4},"end":{"line":69,"column":7}}]},"11":{"loc":{"start":{"line":60,"column":4},"end":{"line":62,"column":null}},"type":"if","locations":[{"start":{"line":60,"column":4},"end":{"line":62,"column":null}}]},"12":{"loc":{"start":{"line":72,"column":4},"end":{"line":75,"column":null}},"type":"if","locations":[{"start":{"line":72,"column":4},"end":{"line":75,"column":null}}]},"13":{"loc":{"start":{"line":74,"column":61},"end":{"line":74,"column":88}},"type":"cond-expr","locations":[{"start":{"line":74,"column":77},"end":{"line":74,"column":79}},{"start":{"line":74,"column":77},"end":{"line":74,"column":88}}]},"14":{"loc":{"start":{"line":74,"column":61},"end":{"line":74,"column":79}},"type":"binary-expr","locations":[{"start":{"line":74,"column":61},"end":{"line":74,"column":79}},{"start":{"line":74,"column":77},"end":{"line":74,"column":79}}]},"15":{"loc":{"start":{"line":82,"column":4},"end":{"line":87,"column":7}},"type":"switch","locations":[{"start":{"line":82,"column":4},"end":{"line":87,"column":7}}]},"16":{"loc":{"start":{"line":90,"column":4},"end":{"line":93,"column":null}},"type":"if","locations":[{"start":{"line":90,"column":4},"end":{"line":93,"column":null}}]},"17":{"loc":{"start":{"line":92,"column":61},"end":{"line":92,"column":88}},"type":"cond-expr","locations":[{"start":{"line":92,"column":77},"end":{"line":92,"column":79}},{"start":{"line":92,"column":77},"end":{"line":92,"column":88}}]},"18":{"loc":{"start":{"line":92,"column":61},"end":{"line":92,"column":79}},"type":"binary-expr","locations":[{"start":{"line":92,"column":61},"end":{"line":92,"column":79}},{"start":{"line":92,"column":77},"end":{"line":92,"column":79}}]},"19":{"loc":{"start":{"line":98,"column":45},"end":{"line":98,"column":null}},"type":"if","locations":[{"start":{"line":98,"column":45},"end":{"line":98,"column":null}}]},"20":{"loc":{"start":{"line":106,"column":4},"end":{"line":109,"column":null}},"type":"if","locations":[{"start":{"line":106,"column":4},"end":{"line":109,"column":null}}]},"21":{"loc":{"start":{"line":108,"column":61},"end":{"line":108,"column":88}},"type":"cond-expr","locations":[{"start":{"line":108,"column":77},"end":{"line":108,"column":79}},{"start":{"line":108,"column":77},"end":{"line":108,"column":88}}]},"22":{"loc":{"start":{"line":108,"column":61},"end":{"line":108,"column":79}},"type":"binary-expr","locations":[{"start":{"line":108,"column":61},"end":{"line":108,"column":79}},{"start":{"line":108,"column":77},"end":{"line":108,"column":79}}]},"23":{"loc":{"start":{"line":114,"column":56},"end":{"line":114,"column":null}},"type":"if","locations":[{"start":{"line":114,"column":56},"end":{"line":114,"column":null}}]},"24":{"loc":{"start":{"line":122,"column":4},"end":{"line":125,"column":null}},"type":"if","locations":[{"start":{"line":122,"column":4},"end":{"line":125,"column":null}}]},"25":{"loc":{"start":{"line":124,"column":61},"end":{"line":124,"column":88}},"type":"cond-expr","locations":[{"start":{"line":124,"column":77},"end":{"line":124,"column":79}},{"start":{"line":124,"column":77},"end":{"line":124,"column":88}}]},"26":{"loc":{"start":{"line":124,"column":61},"end":{"line":124,"column":79}},"type":"binary-expr","locations":[{"start":{"line":124,"column":61},"end":{"line":124,"column":79}},{"start":{"line":124,"column":77},"end":{"line":124,"column":79}}]},"27":{"loc":{"start":{"line":130,"column":43},"end":{"line":130,"column":null}},"type":"if","locations":[{"start":{"line":130,"column":43},"end":{"line":130,"column":null}}]},"28":{"loc":{"start":{"line":138,"column":4},"end":{"line":141,"column":null}},"type":"if","locations":[{"start":{"line":138,"column":4},"end":{"line":141,"column":null}}]},"29":{"loc":{"start":{"line":140,"column":61},"end":{"line":140,"column":88}},"type":"cond-expr","locations":[{"start":{"line":140,"column":77},"end":{"line":140,"column":79}},{"start":{"line":140,"column":77},"end":{"line":140,"column":88}}]},"30":{"loc":{"start":{"line":140,"column":61},"end":{"line":140,"column":79}},"type":"binary-expr","locations":[{"start":{"line":140,"column":61},"end":{"line":140,"column":79}},{"start":{"line":140,"column":77},"end":{"line":140,"column":79}}]},"31":{"loc":{"start":{"line":154,"column":4},"end":{"line":157,"column":null}},"type":"if","locations":[{"start":{"line":154,"column":4},"end":{"line":157,"column":null}}]},"32":{"loc":{"start":{"line":156,"column":61},"end":{"line":156,"column":88}},"type":"cond-expr","locations":[{"start":{"line":156,"column":77},"end":{"line":156,"column":79}},{"start":{"line":156,"column":77},"end":{"line":156,"column":88}}]},"33":{"loc":{"start":{"line":156,"column":61},"end":{"line":156,"column":79}},"type":"binary-expr","locations":[{"start":{"line":156,"column":61},"end":{"line":156,"column":79}},{"start":{"line":156,"column":77},"end":{"line":156,"column":79}}]},"34":{"loc":{"start":{"line":162,"column":55},"end":{"line":162,"column":null}},"type":"if","locations":[{"start":{"line":162,"column":55},"end":{"line":162,"column":null}}]},"35":{"loc":{"start":{"line":170,"column":4},"end":{"line":173,"column":null}},"type":"if","locations":[{"start":{"line":170,"column":4},"end":{"line":173,"column":null}}]},"36":{"loc":{"start":{"line":172,"column":61},"end":{"line":172,"column":88}},"type":"cond-expr","locations":[{"start":{"line":172,"column":77},"end":{"line":172,"column":79}},{"start":{"line":172,"column":77},"end":{"line":172,"column":88}}]},"37":{"loc":{"start":{"line":172,"column":61},"end":{"line":172,"column":79}},"type":"binary-expr","locations":[{"start":{"line":172,"column":61},"end":{"line":172,"column":79}},{"start":{"line":172,"column":77},"end":{"line":172,"column":79}}]},"38":{"loc":{"start":{"line":186,"column":4},"end":{"line":189,"column":null}},"type":"if","locations":[{"start":{"line":186,"column":4},"end":{"line":189,"column":null}}]},"39":{"loc":{"start":{"line":188,"column":61},"end":{"line":188,"column":88}},"type":"cond-expr","locations":[{"start":{"line":188,"column":77},"end":{"line":188,"column":79}},{"start":{"line":188,"column":77},"end":{"line":188,"column":88}}]},"40":{"loc":{"start":{"line":188,"column":61},"end":{"line":188,"column":79}},"type":"binary-expr","locations":[{"start":{"line":188,"column":61},"end":{"line":188,"column":79}},{"start":{"line":188,"column":77},"end":{"line":188,"column":79}}]},"41":{"loc":{"start":{"line":203,"column":4},"end":{"line":206,"column":null}},"type":"if","locations":[{"start":{"line":203,"column":4},"end":{"line":206,"column":null}}]},"42":{"loc":{"start":{"line":205,"column":61},"end":{"line":205,"column":88}},"type":"cond-expr","locations":[{"start":{"line":205,"column":77},"end":{"line":205,"column":79}},{"start":{"line":205,"column":77},"end":{"line":205,"column":88}}]},"43":{"loc":{"start":{"line":205,"column":61},"end":{"line":205,"column":79}},"type":"binary-expr","locations":[{"start":{"line":205,"column":61},"end":{"line":205,"column":79}},{"start":{"line":205,"column":77},"end":{"line":205,"column":79}}]},"44":{"loc":{"start":{"line":220,"column":4},"end":{"line":223,"column":null}},"type":"if","locations":[{"start":{"line":220,"column":4},"end":{"line":223,"column":null}}]},"45":{"loc":{"start":{"line":222,"column":61},"end":{"line":222,"column":88}},"type":"cond-expr","locations":[{"start":{"line":222,"column":77},"end":{"line":222,"column":79}},{"start":{"line":222,"column":77},"end":{"line":222,"column":88}}]},"46":{"loc":{"start":{"line":222,"column":61},"end":{"line":222,"column":79}},"type":"binary-expr","locations":[{"start":{"line":222,"column":61},"end":{"line":222,"column":79}},{"start":{"line":222,"column":77},"end":{"line":222,"column":79}}]},"47":{"loc":{"start":{"line":237,"column":4},"end":{"line":240,"column":null}},"type":"if","locations":[{"start":{"line":237,"column":4},"end":{"line":240,"column":null}}]},"48":{"loc":{"start":{"line":239,"column":61},"end":{"line":239,"column":88}},"type":"cond-expr","locations":[{"start":{"line":239,"column":77},"end":{"line":239,"column":79}},{"start":{"line":239,"column":77},"end":{"line":239,"column":88}}]},"49":{"loc":{"start":{"line":239,"column":61},"end":{"line":239,"column":79}},"type":"binary-expr","locations":[{"start":{"line":239,"column":61},"end":{"line":239,"column":79}},{"start":{"line":239,"column":77},"end":{"line":239,"column":79}}]},"50":{"loc":{"start":{"line":246,"column":9},"end":{"line":246,"column":47}},"type":"switch","locations":[{"start":{"line":246,"column":9},"end":{"line":246,"column":47}},{"start":{"line":246,"column":2},"end":{"line":246,"column":47}}]},"51":{"loc":{"start":{"line":258,"column":4},"end":{"line":261,"column":null}},"type":"if","locations":[{"start":{"line":258,"column":4},"end":{"line":261,"column":null}}]},"52":{"loc":{"start":{"line":260,"column":61},"end":{"line":260,"column":88}},"type":"cond-expr","locations":[{"start":{"line":260,"column":77},"end":{"line":260,"column":79}},{"start":{"line":260,"column":77},"end":{"line":260,"column":88}}]},"53":{"loc":{"start":{"line":260,"column":61},"end":{"line":260,"column":79}},"type":"binary-expr","locations":[{"start":{"line":260,"column":61},"end":{"line":260,"column":79}},{"start":{"line":260,"column":77},"end":{"line":260,"column":79}}]},"54":{"loc":{"start":{"line":287,"column":4},"end":{"line":290,"column":null}},"type":"if","locations":[{"start":{"line":287,"column":4},"end":{"line":290,"column":null}}]},"55":{"loc":{"start":{"line":289,"column":61},"end":{"line":289,"column":88}},"type":"cond-expr","locations":[{"start":{"line":289,"column":77},"end":{"line":289,"column":79}},{"start":{"line":289,"column":77},"end":{"line":289,"column":88}}]},"56":{"loc":{"start":{"line":289,"column":61},"end":{"line":289,"column":79}},"type":"binary-expr","locations":[{"start":{"line":289,"column":61},"end":{"line":289,"column":79}},{"start":{"line":289,"column":77},"end":{"line":289,"column":79}}]}},"s":{"0":0,"1":0,"2":0,"3":0,"4":0,"5":0,"6":0,"7":0,"8":0,"9":0,"10":0,"11":0,"12":0,"13":0,"14":0,"15":0,"16":0,"17":0,"18":0,"19":0,"20":0,"21":0,"22":0,"23":0,"24":0,"25":0,"26":0,"27":0,"28":0,"29":0,"30":0,"31":0,"32":0,"33":0,"34":0,"35":0,"36":0,"37":0,"38":0,"39":0,"40":0,"41":0,"42":0,"43":0,"44":0,"45":0,"46":0,"47":0,"48":0,"49":0,"50":0,"51":0,"52":0,"53":0,"54":0,"55":0,"56":0,"57":0,"58":0,"59":0,"60":0,"61":0,"62":0,"63":0,"64":0,"65":0,"66":0,"67":0,"68":0,"69":0,"70":0,"71":0,"72":0,"73":0,"74":0,"75":0,"76":0,"77":0,"78":0,"79":0,"80":0,"81":0,"82":0,"83":0,"84":0,"85":0,"86":0,"87":0,"88":0,"89":0,"90":0,"91":0,"92":0,"93":0,"94":0,"95":0,"96":0,"97":0,"98":0,"99":0,"100":0,"101":0,"102":0,"103":0,"104":0,"105":0,"106":0,"107":0,"108":0,"109":0,"110":0,"111":0,"112":0,"113":0,"114":0,"115":0,"116":0,"117":0,"118":0,"119":0,"120":0,"121":0,"122":0,"123":0,"124":0,"125":0,"126":0,"127":0,"128":0,"129":0,"130":0,"131":0,"132":0,"133":0,"134":0,"135":0,"136":0,"137":0,"138":0,"139":0,"140":0,"141":0,"142":0,"143":0,"144":0,"145":0,"146":0,"147":0,"148":0,"149":0,"150":0,"151":0,"152":0,"153":0,"154":0,"155":0,"156":0,"157":0,"158":0,"159":0,"160":0,"161":0,"162":0,"163":0,"164":0,"165":0,"166":0,"167":0,"168":0,"169":0,"170":0,"171":0,"172":0,"173":0,"174":0,"175":0,"176":0,"177":0,"178":0},"f":{"0":0,"1":0,"2":0,"3":0,"4":0,"5":0,"6":0,"7":0,"8":0,"9":0,"10":0,"11":0,"12":0,"13":0,"14":0,"15":0,"16":0,"17":0,"18":0,"19":0,"20":0,"21":0,"22":0,"23":0,"24":0,"25":0,"26":0},"b":{"0":[0],"1":[0],"2":[0,0],"3":[0,0],"4":[0],"5":[0],"6":[0],"7":[0],"8":[0,0],"9":[0,0],"10":[0],"11":[0],"12":[0],"13":[0,0],"14":[0,0],"15":[0],"16":[0],"17":[0,0],"18":[0,0],"19":[0],"20":[0],"21":[0,0],"22":[0,0],"23":[0],"24":[0],"25":[0,0],"26":[0,0],"27":[0],"28":[0],"29":[0,0],"30":[0,0],"31":[0],"32":[0,0],"33":[0,0],"34":[0],"35":[0],"36":[0,0],"37":[0,0],"38":[0],"39":[0,0],"40":[0,0],"41":[0],"42":[0,0],"43":[0,0],"44":[0],"45":[0,0],"46":[0,0],"47":[0],"48":[0,0],"49":[0,0],"50":[0,0],"51":[0],"52":[0,0],"53":[0,0],"54":[0],"55":[0,0],"56":[0,0]}}
,"E:\\wefit\\teste-backend\\teste-backend\\test-backend-wefit\\teste-backend\\src\\services\\personService.ts": {"path":"E:\\wefit\\teste-backend\\teste-backend\\test-backend-wefit\\teste-backend\\src\\services\\personService.ts","statementMap":{"0":{"start":{"line":2,"column":0},"end":{"line":2,"column":54}},"1":{"start":{"line":4,"column":15},"end":{"line":4,"column":33}},"2":{"start":{"line":7,"column":39},"end":{"line":50,"column":2}},"3":{"start":{"line":7,"column":85},"end":{"line":50,"column":2}},"4":{"start":{"line":10,"column":4},"end":{"line":12,"column":null}},"5":{"start":{"line":11,"column":6},"end":{"line":11,"column":43}},"6":{"start":{"line":15,"column":31},"end":{"line":19,"column":null}},"7":{"start":{"line":15,"column":10},"end":{"line":19,"column":null}},"8":{"start":{"line":21,"column":4},"end":{"line":23,"column":null}},"9":{"start":{"line":22,"column":6},"end":{"line":22,"column":44}},"10":{"start":{"line":26,"column":11},"end":{"line":31,"column":7}},"11":{"start":{"line":26,"column":4},"end":{"line":31,"column":7}},"12":{"start":{"line":34,"column":4},"end":{"line":34,"column":62}},"13":{"start":{"line":36,"column":4},"end":{"line":45,"column":null}},"14":{"start":{"line":37,"column":6},"end":{"line":40,"column":null}},"15":{"start":{"line":39,"column":8},"end":{"line":39,"column":56}},"16":{"start":{"line":43,"column":12},"end":{"line":43,"column":72}},"17":{"start":{"line":44,"column":6},"end":{"line":44,"column":92}},"18":{"start":{"line":48,"column":4},"end":{"line":48,"column":16}},"19":{"start":{"line":7,"column":13},"end":{"line":7,"column":39}}},"fnMap":{"0":{"name":"(anonymous_15)","decl":{"start":{"line":7,"column":39},"end":{"line":7,"column":46}},"loc":{"start":{"line":7,"column":85},"end":{"line":50,"column":2}}},"1":{"name":"(anonymous_16)","decl":{"start":{"line":7,"column":85},"end":{"line":7,"column":null}},"loc":{"start":{"line":7,"column":85},"end":{"line":50,"column":2}}}},"branchMap":{"0":{"loc":{"start":{"line":10,"column":4},"end":{"line":12,"column":null}},"type":"if","locations":[{"start":{"line":10,"column":4},"end":{"line":12,"column":null}}]},"1":{"loc":{"start":{"line":21,"column":4},"end":{"line":23,"column":null}},"type":"if","locations":[{"start":{"line":21,"column":4},"end":{"line":23,"column":null}}]},"2":{"loc":{"start":{"line":36,"column":4},"end":{"line":45,"column":null}},"type":"if","locations":[{"start":{"line":36,"column":4},"end":{"line":45,"column":null}}]},"3":{"loc":{"start":{"line":37,"column":6},"end":{"line":40,"column":null}},"type":"if","locations":[{"start":{"line":37,"column":6},"end":{"line":40,"column":null}}]},"4":{"loc":{"start":{"line":44,"column":61},"end":{"line":44,"column":88}},"type":"cond-expr","locations":[{"start":{"line":44,"column":77},"end":{"line":44,"column":79}},{"start":{"line":44,"column":77},"end":{"line":44,"column":88}}]},"5":{"loc":{"start":{"line":44,"column":61},"end":{"line":44,"column":79}},"type":"binary-expr","locations":[{"start":{"line":44,"column":61},"end":{"line":44,"column":79}},{"start":{"line":44,"column":77},"end":{"line":44,"column":79}}]}},"s":{"0":1,"1":1,"2":1,"3":4,"4":4,"5":1,"6":3,"7":3,"8":3,"9":0,"10":3,"11":3,"12":4,"13":4,"14":3,"15":0,"16":3,"17":3,"18":1,"19":1},"f":{"0":4,"1":4},"b":{"0":[1],"1":[0],"2":[3],"3":[0],"4":[0,3],"5":[3,3]}}
,"E:\\wefit\\teste-backend\\teste-backend\\test-backend-wefit\\teste-backend\\src\\utils\\responses.ts": {"path":"E:\\wefit\\teste-backend\\teste-backend\\test-backend-wefit\\teste-backend\\src\\utils\\responses.ts","statementMap":{"0":{"start":{"line":3,"column":31},"end":{"line":5,"column":1}},"1":{"start":{"line":3,"column":58},"end":{"line":3,"column":null}},"2":{"start":{"line":4,"column":2},"end":{"line":4,"column":49}},"3":{"start":{"line":3,"column":13},"end":{"line":3,"column":31}},"4":{"start":{"line":7,"column":31},"end":{"line":9,"column":1}},"5":{"start":{"line":7,"column":58},"end":{"line":7,"column":null}},"6":{"start":{"line":8,"column":2},"end":{"line":8,"column":49}},"7":{"start":{"line":7,"column":13},"end":{"line":7,"column":31}},"8":{"start":{"line":11,"column":29},"end":{"line":13,"column":1}},"9":{"start":{"line":11,"column":57},"end":{"line":11,"column":null}},"10":{"start":{"line":12,"column":2},"end":{"line":12,"column":50}},"11":{"start":{"line":11,"column":13},"end":{"line":11,"column":29}},"12":{"start":{"line":15,"column":32},"end":{"line":17,"column":1}},"13":{"start":{"line":15,"column":48},"end":{"line":15,"column":null}},"14":{"start":{"line":16,"column":2},"end":{"line":16,"column":43}},"15":{"start":{"line":15,"column":13},"end":{"line":15,"column":32}},"16":{"start":{"line":19,"column":34},"end":{"line":21,"column":1}},"17":{"start":{"line":19,"column":50},"end":{"line":19,"column":null}},"18":{"start":{"line":20,"column":2},"end":{"line":20,"column":43}},"19":{"start":{"line":19,"column":13},"end":{"line":19,"column":34}}},"fnMap":{"0":{"name":"(anonymous_0)","decl":{"start":{"line":3,"column":31},"end":{"line":3,"column":32}},"loc":{"start":{"line":3,"column":85},"end":{"line":5,"column":1}}},"1":{"name":"(anonymous_1)","decl":{"start":{"line":7,"column":31},"end":{"line":7,"column":32}},"loc":{"start":{"line":7,"column":85},"end":{"line":9,"column":1}}},"2":{"name":"(anonymous_2)","decl":{"start":{"line":11,"column":29},"end":{"line":11,"column":30}},"loc":{"start":{"line":11,"column":82},"end":{"line":13,"column":1}}},"3":{"name":"(anonymous_3)","decl":{"start":{"line":15,"column":32},"end":{"line":15,"column":33}},"loc":{"start":{"line":15,"column":77},"end":{"line":17,"column":1}}},"4":{"name":"(anonymous_4)","decl":{"start":{"line":19,"column":34},"end":{"line":19,"column":35}},"loc":{"start":{"line":19,"column":81},"end":{"line":21,"column":1}}}},"branchMap":{"0":{"loc":{"start":{"line":3,"column":58},"end":{"line":3,"column":null}},"type":"if","locations":[{"start":{"line":3,"column":58},"end":{"line":3,"column":null}}]},"1":{"loc":{"start":{"line":7,"column":58},"end":{"line":7,"column":null}},"type":"if","locations":[{"start":{"line":7,"column":58},"end":{"line":7,"column":null}}]},"2":{"loc":{"start":{"line":11,"column":57},"end":{"line":11,"column":null}},"type":"if","locations":[{"start":{"line":11,"column":57},"end":{"line":11,"column":null}}]},"3":{"loc":{"start":{"line":15,"column":48},"end":{"line":15,"column":null}},"type":"if","locations":[{"start":{"line":15,"column":48},"end":{"line":15,"column":null}}]},"4":{"loc":{"start":{"line":19,"column":50},"end":{"line":19,"column":null}},"type":"if","locations":[{"start":{"line":19,"column":50},"end":{"line":19,"column":null}}]}},"s":{"0":0,"1":0,"2":0,"3":0,"4":0,"5":0,"6":0,"7":0,"8":0,"9":0,"10":0,"11":0,"12":0,"13":0,"14":0,"15":0,"16":0,"17":0,"18":0,"19":0},"f":{"0":0,"1":0,"2":0,"3":0,"4":0},"b":{"0":[0],"1":[0],"2":[0],"3":[0],"4":[0]}}
,"E:\\wefit\\teste-backend\\teste-backend\\test-backend-wefit\\teste-backend\\src\\utils\\validators.ts": {"path":"E:\\wefit\\teste-backend\\teste-backend\\test-backend-wefit\\teste-backend\\src\\utils\\validators.ts","statementMap":{"0":{"start":{"line":2,"column":0},"end":{"line":2,"column":49}},"1":{"start":{"line":4,"column":37},"end":{"line":24,"column":1}},"2":{"start":{"line":5,"column":60},"end":{"line":5,"column":68}},"3":{"start":{"line":5,"column":15},"end":{"line":5,"column":17}},"4":{"start":{"line":5,"column":29},"end":{"line":5,"column":31}},"5":{"start":{"line":5,"column":44},"end":{"line":5,"column":46}},"6":{"start":{"line":5,"column":49},"end":{"line":5,"column":51}},"7":{"start":{"line":5,"column":55},"end":{"line":5,"column":60}},"8":{"start":{"line":7,"column":2},"end":{"line":9,"column":null}},"9":{"start":{"line":8,"column":4},"end":{"line":8,"column":82}},"10":{"start":{"line":11,"column":2},"end":{"line":13,"column":null}},"11":{"start":{"line":12,"column":4},"end":{"line":12,"column":76}},"12":{"start":{"line":15,"column":2},"end":{"line":17,"column":null}},"13":{"start":{"line":16,"column":4},"end":{"line":16,"column":89}},"14":{"start":{"line":19,"column":2},"end":{"line":21,"column":null}},"15":{"start":{"line":20,"column":4},"end":{"line":20,"column":76}},"16":{"start":{"line":23,"column":2},"end":{"line":23,"column":9}},"17":{"start":{"line":4,"column":13},"end":{"line":4,"column":37}}},"fnMap":{"0":{"name":"(anonymous_0)","decl":{"start":{"line":4,"column":37},"end":{"line":4,"column":38}},"loc":{"start":{"line":4,"column":85},"end":{"line":24,"column":1}}}},"branchMap":{"0":{"loc":{"start":{"line":7,"column":2},"end":{"line":9,"column":null}},"type":"if","locations":[{"start":{"line":7,"column":2},"end":{"line":9,"column":null}}]},"1":{"loc":{"start":{"line":11,"column":2},"end":{"line":13,"column":null}},"type":"if","locations":[{"start":{"line":11,"column":2},"end":{"line":13,"column":null}}]},"2":{"loc":{"start":{"line":15,"column":2},"end":{"line":17,"column":null}},"type":"if","locations":[{"start":{"line":15,"column":2},"end":{"line":17,"column":null}}]},"3":{"loc":{"start":{"line":19,"column":2},"end":{"line":21,"column":null}},"type":"if","locations":[{"start":{"line":19,"column":2},"end":{"line":21,"column":null}}]},"4":{"loc":{"start":{"line":19,"column":6},"end":{"line":19,"column":19}},"type":"binary-expr","locations":[{"start":{"line":19,"column":6},"end":{"line":19,"column":10}},{"start":{"line":19,"column":14},"end":{"line":19,"column":19}}]}},"s":{"0":0,"1":0,"2":0,"3":0,"4":0,"5":0,"6":0,"7":0,"8":0,"9":0,"10":0,"11":0,"12":0,"13":0,"14":0,"15":0,"16":0,"17":0},"f":{"0":0},"b":{"0":[0],"1":[0],"2":[0],"3":[0],"4":[0,0]}}
}
